2023.09.14 11:59:23 INFO  Started: Metals version 1.0.1 in folders 'E:\yolo-app' for client Visual Studio Code 1.82.1.
Sep 14, 2023 11:59:23 AM org.flywaydb.core.internal.license.VersionPrinter printVersionOnly
INFO: Flyway Community Edition 9.21.2 by Redgate
Sep 14, 2023 11:59:23 AM org.flywaydb.core.internal.license.VersionPrinter printVersion
INFO: See release notes here: https://rd.gt/416ObMi
Sep 14, 2023 11:59:23 AM org.flywaydb.core.internal.license.VersionPrinter printVersion
INFO: 
Sep 14, 2023 11:59:23 AM org.flywaydb.core.FlywayExecutor execute
INFO: Database: jdbc:h2:file:E:\yolo-app\.metals\metals (H2 2.1)
Sep 14, 2023 11:59:23 AM org.flywaydb.core.internal.schemahistory.JdbcTableSchemaHistory allAppliedMigrations
INFO: Schema history table "PUBLIC"."flyway_schema_history" does not exist yet
Sep 14, 2023 11:59:23 AM org.flywaydb.core.internal.command.DbValidate validate
INFO: Successfully validated 4 migrations (execution time 00:00.028s)
Sep 14, 2023 11:59:23 AM org.flywaydb.core.internal.schemahistory.JdbcTableSchemaHistory create
INFO: Creating Schema History table "PUBLIC"."flyway_schema_history" ...
Sep 14, 2023 11:59:23 AM org.flywaydb.core.internal.command.DbMigrate migrateGroup
INFO: Current version of schema "PUBLIC": << Empty Schema >>
Sep 14, 2023 11:59:23 AM org.flywaydb.core.internal.command.DbMigrate doMigrateGroup
INFO: Migrating schema "PUBLIC" to version "1 - Create tables"
Sep 14, 2023 11:59:23 AM org.flywaydb.core.internal.command.DbMigrate doMigrateGroup
INFO: Migrating schema "PUBLIC" to version "2 - Server discovery"
Sep 14, 2023 11:59:23 AM org.flywaydb.core.internal.command.DbMigrate doMigrateGroup
INFO: Migrating schema "PUBLIC" to version "3 - Jar symbols"
Sep 14, 2023 11:59:23 AM org.flywaydb.core.internal.command.DbMigrate doMigrateGroup
INFO: Migrating schema "PUBLIC" to version "4 - Fingerprints"
Sep 14, 2023 11:59:23 AM org.flywaydb.core.internal.command.DbMigrate logSummary
INFO: Successfully applied 4 migrations to schema "PUBLIC", now at version v4 (execution time 00:00.018s)
2023.09.14 11:59:23 INFO  time: initialize in 0.55s
2023.09.14 11:59:24 WARN  Build server is not auto-connectable.
2023.09.14 11:59:24 WARN  no build tool detected in workspace 'E:\yolo-app'. The most common cause for this problem is that the editor was opened in the wrong working directory, for example if you use sbt then the workspace directory should contain build.sbt. 
2023.09.14 11:59:54 INFO  Shutting down server
2023.09.14 11:59:54 INFO  shutting down Metals
2023.09.14 11:59:54 INFO  Exiting server
2023.09.14 12:00:29 INFO  Started: Metals version 1.0.1 in folders 'E:\yolo-app' for client Visual Studio Code 1.82.1.
Sep 14, 2023 12:00:29 PM org.flywaydb.core.internal.license.VersionPrinter printVersionOnly
INFO: Flyway Community Edition 9.21.2 by Redgate
Sep 14, 2023 12:00:29 PM org.flywaydb.core.internal.license.VersionPrinter printVersion
INFO: See release notes here: https://rd.gt/416ObMi
Sep 14, 2023 12:00:29 PM org.flywaydb.core.internal.license.VersionPrinter printVersion
INFO: 
Sep 14, 2023 12:00:29 PM org.flywaydb.core.FlywayExecutor execute
INFO: Database: jdbc:h2:file:E:\yolo-app\.metals\metals (H2 2.1)
Sep 14, 2023 12:00:30 PM org.flywaydb.core.internal.command.DbValidate validate
INFO: Successfully validated 4 migrations (execution time 00:00.022s)
Sep 14, 2023 12:00:30 PM org.flywaydb.core.internal.command.DbMigrate migrateGroup
INFO: Current version of schema "PUBLIC": 4
Sep 14, 2023 12:00:30 PM org.flywaydb.core.internal.command.DbMigrate logSummary
INFO: Schema "PUBLIC" is up to date. No migration necessary.
2023.09.14 12:00:30 INFO  time: initialize in 0.53s
2023.09.14 12:00:30 WARN  Build server is not auto-connectable.
2023.09.14 12:00:30 WARN  no build tool detected in workspace 'E:\yolo-app'. The most common cause for this problem is that the editor was opened in the wrong working directory, for example if you use sbt then the workspace directory should contain build.sbt. 
Sep 14, 2023 12:01:43 PM org.eclipse.lsp4j.jsonrpc.services.GenericEndpoint notify
INFO: Unsupported notification method: $/setTrace
Sep 14, 2023 12:01:49 PM org.eclipse.lsp4j.jsonrpc.services.GenericEndpoint notify
INFO: Unsupported notification method: $/setTrace
Sep 14, 2023 12:06:14 PM org.eclipse.lsp4j.jsonrpc.services.GenericEndpoint notify
INFO: Unsupported notification method: $/setTrace
Sep 14, 2023 12:06:14 PM org.eclipse.lsp4j.jsonrpc.services.GenericEndpoint notify
INFO: Unsupported notification method: $/setTrace
2023.09.14 12:16:28 INFO  Shutting down server
2023.09.14 12:16:28 INFO  shutting down Metals
2023.09.14 12:16:28 INFO  Exiting server
